

Version:	3.50
CmdLine:	C:\Desktop\ReproductorDeMusica\ReproductorMusica.exe --l4j-debug
JNI:		No
WOW64:		Yes
Requires JDK:	No
Requires 64-Bit: No
Java min ver:	1.008.000
Java max ver:	
Substitute:	JAVA_HOME = 
Substitute:	PATH = C:\Program Files (x86)\Common Files\Oracle\Java\java8path;C:\Program Files (x86)\Common Files\Oracle\Java\javapath;C:\Windows\system32;C:\Windows;C:\Windows\System32\Wbem;C:\Windows\System32\WindowsPowerShell\v1.0\;C:\Windows\System32\OpenSSH\;C:\Program Files\Git\cmd;C:\Program Files\Docker\Docker\resources\bin;C:\Program Files\nodejs\;c:\Users\leoan\AppData\Local\Programs\cursor\resources\app\bin;C:\Program Files\dotnet\;C:\Users\leoan\AppData\Local\Programs\Eclipse Adoptium\jdk-8.0.462.8-hotspot\bin;C:\Users\leoan\AppData\Local\Microsoft\WindowsApps;C:\Users\leoan\AppData\Local\Programs\Microsoft VS Code\bin;C:\Users\leoan\AppData\Local\spicetify;C:\Users\leoan\AppData\Roaming\npm;C:\Users\leoan\AppData\Local\Programs\cursor\resources\app\bin;C:\Users\leoan\AppData\Local\Programs\Eclipse Adoptium\jdk-8.0.462.8-hotspot\bin
JRE paths:	;C:\Program Files (x86)\Common Files\Oracle\Java\java8path;C:\Program Files (x86)\Common Files\Oracle\Java\javapath;C:\Windows\system32;C:\Windows;C:\Windows\System32\Wbem;C:\Windows\System32\WindowsPowerShell\v1.0\;C:\Windows\System32\OpenSSH\;C:\Program Files\Git\cmd;C:\Program Files\Docker\Docker\resources\bin;C:\Program Files\nodejs\;c:\Users\leoan\AppData\Local\Programs\cursor\resources\app\bin;C:\Program Files\dotnet\;C:\Users\leoan\AppData\Local\Programs\Eclipse Adoptium\jdk-8.0.462.8-hotspot\bin;C:\Users\leoan\AppData\Local\Microsoft\WindowsApps;C:\Users\leoan\AppData\Local\Programs\Microsoft VS Code\bin;C:\Users\leoan\AppData\Local\spicetify;C:\Users\leoan\AppData\Roaming\npm;C:\Users\leoan\AppData\Local\Programs\cursor\resources\app\bin;C:\Users\leoan\AppData\Local\Programs\Eclipse Adoptium\jdk-8.0.462.8-hotspot\bin
Check launcher:	C:\Program Files (x86)\Common Files\Oracle\Java\java8path\bin\javaw.exe (not found)
Check launcher:	C:\Program Files (x86)\Common Files\Oracle\Java\javapath\bin\javaw.exe (not found)
Check launcher:	C:\Windows\system32\bin\javaw.exe (not found)
Check launcher:	C:\Windows\bin\javaw.exe (not found)
Check launcher:	C:\Windows\System32\Wbem\bin\javaw.exe (not found)
Check launcher:	C:\Windows\System32\WindowsPowerShell\v1.0\bin\javaw.exe (not found)
Check launcher:	C:\Windows\System32\OpenSSH\bin\javaw.exe (not found)
Check launcher:	C:\Program Files\Git\cmd\bin\javaw.exe (not found)
Check launcher:	C:\Program Files\Docker\Docker\resources\bin\javaw.exe (not found)
Check launcher:	C:\Program Files\nodejs\bin\javaw.exe (not found)
Check launcher:	c:\Users\leoan\AppData\Local\Programs\cursor\resources\app\bin\javaw.exe (not found)
Check launcher:	C:\Program Files\dotnet\bin\javaw.exe (not found)
Check launcher:	C:\Users\leoan\AppData\Local\Programs\Eclipse Adoptium\jdk-8.0.462.8-hotspot\bin\javaw.exe (OK)
Version string: 1.008.000_462 / 64-Bit (OK)
Launcher:	C:\Users\leoan\AppData\Local\Programs\Eclipse Adoptium\jdk-8.0.462.8-hotspot\bin\javaw.exe
Launcher args:	-jar "C:\Desktop\ReproductorDeMusica\ReproductorMusica.exe"
Args length:	59/32768 chars
Exit code:	0


Version:	3.50
CmdLine:	C:\Desktop\ReproductorDeMusica\ReproductorDeMusica.exe --l4j-debug
JNI:		No
WOW64:		Yes
Requires JDK:	No
Requires 64-Bit: No
Java min ver:	
Java max ver:	
Substitute:	JAVA_HOME = 
Substitute:	PATH = C:\Program Files (x86)\Common Files\Oracle\Java\java8path;C:\Program Files (x86)\Common Files\Oracle\Java\javapath;C:\Windows\system32;C:\Windows;C:\Windows\System32\Wbem;C:\Windows\System32\WindowsPowerShell\v1.0\;C:\Windows\System32\OpenSSH\;C:\Program Files\Git\cmd;C:\Program Files\Docker\Docker\resources\bin;C:\Program Files\nodejs\;c:\Users\leoan\AppData\Local\Programs\cursor\resources\app\bin;C:\Program Files\dotnet\;C:\Users\leoan\AppData\Local\Programs\Eclipse Adoptium\jdk-8.0.462.8-hotspot\bin;C:\Users\leoan\AppData\Local\Microsoft\WindowsApps;C:\Users\leoan\AppData\Local\Programs\Microsoft VS Code\bin;C:\Users\leoan\AppData\Local\spicetify;C:\Users\leoan\AppData\Roaming\npm;C:\Users\leoan\AppData\Local\Programs\cursor\resources\app\bin;C:\Users\leoan\AppData\Local\Programs\Eclipse Adoptium\jdk-8.0.462.8-hotspot\bin
JRE paths:	;C:\Program Files (x86)\Common Files\Oracle\Java\java8path;C:\Program Files (x86)\Common Files\Oracle\Java\javapath;C:\Windows\system32;C:\Windows;C:\Windows\System32\Wbem;C:\Windows\System32\WindowsPowerShell\v1.0\;C:\Windows\System32\OpenSSH\;C:\Program Files\Git\cmd;C:\Program Files\Docker\Docker\resources\bin;C:\Program Files\nodejs\;c:\Users\leoan\AppData\Local\Programs\cursor\resources\app\bin;C:\Program Files\dotnet\;C:\Users\leoan\AppData\Local\Programs\Eclipse Adoptium\jdk-8.0.462.8-hotspot\bin;C:\Users\leoan\AppData\Local\Microsoft\WindowsApps;C:\Users\leoan\AppData\Local\Programs\Microsoft VS Code\bin;C:\Users\leoan\AppData\Local\spicetify;C:\Users\leoan\AppData\Roaming\npm;C:\Users\leoan\AppData\Local\Programs\cursor\resources\app\bin;C:\Users\leoan\AppData\Local\Programs\Eclipse Adoptium\jdk-8.0.462.8-hotspot\bin
Check launcher:	C:\Program Files (x86)\Common Files\Oracle\Java\java8path\bin\javaw.exe (not found)
Check launcher:	C:\Program Files (x86)\Common Files\Oracle\Java\javapath\bin\javaw.exe (not found)
Check launcher:	C:\Windows\system32\bin\javaw.exe (not found)
Check launcher:	C:\Windows\bin\javaw.exe (not found)
Check launcher:	C:\Windows\System32\Wbem\bin\javaw.exe (not found)
Check launcher:	C:\Windows\System32\WindowsPowerShell\v1.0\bin\javaw.exe (not found)
Check launcher:	C:\Windows\System32\OpenSSH\bin\javaw.exe (not found)
Check launcher:	C:\Program Files\Git\cmd\bin\javaw.exe (not found)
Check launcher:	C:\Program Files\Docker\Docker\resources\bin\javaw.exe (not found)
Check launcher:	C:\Program Files\nodejs\bin\javaw.exe (not found)
Check launcher:	c:\Users\leoan\AppData\Local\Programs\cursor\resources\app\bin\javaw.exe (not found)
Check launcher:	C:\Program Files\dotnet\bin\javaw.exe (not found)
Check launcher:	C:\Users\leoan\AppData\Local\Programs\Eclipse Adoptium\jdk-8.0.462.8-hotspot\bin\javaw.exe (OK)
Version string: 1.008.000_462 / 64-Bit (OK)
Launcher:	C:\Users\leoan\AppData\Local\Programs\Eclipse Adoptium\jdk-8.0.462.8-hotspot\bin\javaw.exe
Launcher args:	-jar "C:\Desktop\ReproductorDeMusica\ReproductorDeMusica.exe"
Args length:	61/32768 chars
Exit code:	0


Version:	3.50
CmdLine:	C:\Desktop\ReproductorDeMusica\ReproductorDeMusica.exe --l4j-debug
JNI:		No
WOW64:		Yes
Working dir:	C:\Desktop\ReproductorDeMusica\.
Requires JDK:	No
Requires 64-Bit: No
Java min ver:	1.008.000
Java max ver:	
Substitute:	JAVA_HOME = 
Substitute:	PATH = C:\Program Files (x86)\Common Files\Oracle\Java\java8path;C:\Program Files (x86)\Common Files\Oracle\Java\javapath;C:\Windows\system32;C:\Windows;C:\Windows\System32\Wbem;C:\Windows\System32\WindowsPowerShell\v1.0\;C:\Windows\System32\OpenSSH\;C:\Program Files\Git\cmd;C:\Program Files\Docker\Docker\resources\bin;C:\Program Files\nodejs\;c:\Users\leoan\AppData\Local\Programs\cursor\resources\app\bin;C:\Program Files\dotnet\;C:\Users\leoan\AppData\Local\Programs\Eclipse Adoptium\jdk-8.0.462.8-hotspot\bin;C:\Users\leoan\AppData\Local\Microsoft\WindowsApps;C:\Users\leoan\AppData\Local\Programs\Microsoft VS Code\bin;C:\Users\leoan\AppData\Local\spicetify;C:\Users\leoan\AppData\Roaming\npm;C:\Users\leoan\AppData\Local\Programs\cursor\resources\app\bin;C:\Users\leoan\AppData\Local\Programs\Eclipse Adoptium\jdk-8.0.462.8-hotspot\bin
JRE paths:	;C:\Program Files (x86)\Common Files\Oracle\Java\java8path;C:\Program Files (x86)\Common Files\Oracle\Java\javapath;C:\Windows\system32;C:\Windows;C:\Windows\System32\Wbem;C:\Windows\System32\WindowsPowerShell\v1.0\;C:\Windows\System32\OpenSSH\;C:\Program Files\Git\cmd;C:\Program Files\Docker\Docker\resources\bin;C:\Program Files\nodejs\;c:\Users\leoan\AppData\Local\Programs\cursor\resources\app\bin;C:\Program Files\dotnet\;C:\Users\leoan\AppData\Local\Programs\Eclipse Adoptium\jdk-8.0.462.8-hotspot\bin;C:\Users\leoan\AppData\Local\Microsoft\WindowsApps;C:\Users\leoan\AppData\Local\Programs\Microsoft VS Code\bin;C:\Users\leoan\AppData\Local\spicetify;C:\Users\leoan\AppData\Roaming\npm;C:\Users\leoan\AppData\Local\Programs\cursor\resources\app\bin;C:\Users\leoan\AppData\Local\Programs\Eclipse Adoptium\jdk-8.0.462.8-hotspot\bin
Check launcher:	C:\Program Files (x86)\Common Files\Oracle\Java\java8path\bin\javaw.exe (not found)
Check launcher:	C:\Program Files (x86)\Common Files\Oracle\Java\javapath\bin\javaw.exe (not found)
Check launcher:	C:\Windows\system32\bin\javaw.exe (not found)
Check launcher:	C:\Windows\bin\javaw.exe (not found)
Check launcher:	C:\Windows\System32\Wbem\bin\javaw.exe (not found)
Check launcher:	C:\Windows\System32\WindowsPowerShell\v1.0\bin\javaw.exe (not found)
Check launcher:	C:\Windows\System32\OpenSSH\bin\javaw.exe (not found)
Check launcher:	C:\Program Files\Git\cmd\bin\javaw.exe (not found)
Check launcher:	C:\Program Files\Docker\Docker\resources\bin\javaw.exe (not found)
Check launcher:	C:\Program Files\nodejs\bin\javaw.exe (not found)
Check launcher:	c:\Users\leoan\AppData\Local\Programs\cursor\resources\app\bin\javaw.exe (not found)
Check launcher:	C:\Program Files\dotnet\bin\javaw.exe (not found)
Check launcher:	C:\Users\leoan\AppData\Local\Programs\Eclipse Adoptium\jdk-8.0.462.8-hotspot\bin\javaw.exe (OK)
Version string: 1.008.000_462 / 64-Bit (OK)
Launcher:	C:\Users\leoan\AppData\Local\Programs\Eclipse Adoptium\jdk-8.0.462.8-hotspot\bin\javaw.exe
Launcher args:	-jar "C:\Desktop\ReproductorDeMusica\ReproductorDeMusica.exe"
Args length:	61/32768 chars
Exit code:	0
